[03-02-2025 01:01:14] - GET    200 -        0 kb - 79df605f-710d-4ffd-b050-9bed1156be1e - mylocalhost:8080/
[03-02-2025 01:01:14] - GET    200 -        0 kb - 79df605f-710d-4ffd-b050-9bed1156be1e - mylocalhost:8080/
[03-02-2025 01:01:14] - GET    200 -        0 kb - 79df605f-710d-4ffd-b050-9bed1156be1e - mylocalhost:8080/images/logo.png
[03-02-2025 01:01:16] - GET    200 -        0 kb - 79df605f-710d-4ffd-b050-9bed1156be1e - mylocalhost:8080/fifanela
[03-02-2025 01:01:16] - GET    200 -        0 kb - 79df605f-710d-4ffd-b050-9bed1156be1e - mylocalhost:8080/fifanela
[03-02-2025 01:01:16] - GET    200 -        0 kb - 79df605f-710d-4ffd-b050-9bed1156be1e - mylocalhost:8080/images/logo.png
[03-02-2025 01:01:18] - GET    200 -        0 kb - 79df605f-710d-4ffd-b050-9bed1156be1e - mylocalhost:8080/fifanela/pexels-francesco-ungaro-1525041.jpg
[03-02-2025 01:01:23] - DELETE 405 -        0 kb - 79df605f-710d-4ffd-b050-9bed1156be1e - mylocalhost:8080/fifanela
[03-02-2025 01:01:36] - GET    404 -        0 kb - 1d5f7cd5-1c58-41ca-8f04-c19d7eed1fbe - fifanela:8080/fifanela
[03-02-2025 01:01:36] - GET    404 -        0 kb - d078717a-b53a-4cb7-a504-e7df4bf7f8b8 - fifanela:8080/favicon.ico
[03-02-2025 01:01:40] - GET    200 -        0 kb - 4bed3409-10e1-4ad1-ad36-09ab3d12e047 - fifanela:8080/
[03-02-2025 01:01:40] - GET    200 -        0 kb - 4bed3409-10e1-4ad1-ad36-09ab3d12e047 - fifanela:8080/
[03-02-2025 01:01:40] - GET    200 -        0 kb - 4bed3409-10e1-4ad1-ad36-09ab3d12e047 - fifanela:8080/images/logo.png
[03-02-2025 01:01:42] - GET    200 -        0 kb - 4bed3409-10e1-4ad1-ad36-09ab3d12e047 - fifanela:8080/a.png
[03-02-2025 01:01:50] - POST   200 -        0 kb -  - fifanela:8080/
[03-02-2025 01:01:51] - GET    200 -        0 kb - 4bed3409-10e1-4ad1-ad36-09ab3d12e047 - fifanela:8080/
[03-02-2025 01:01:51] - GET    200 -        0 kb - 4bed3409-10e1-4ad1-ad36-09ab3d12e047 - fifanela:8080/
[03-02-2025 01:01:51] - GET    200 -        0 kb - 4bed3409-10e1-4ad1-ad36-09ab3d12e047 - fifanela:8080/images/logo.png
[03-02-2025 01:01:53] - GET    200 -        0 kb - 4bed3409-10e1-4ad1-ad36-09ab3d12e047 - fifanela:8080/hello_world.rb
[03-02-2025 01:02:01] - GET    200 -        0 kb - 4bed3409-10e1-4ad1-ad36-09ab3d12e047 - fifanela:8080/
[03-02-2025 01:02:01] - GET    200 -        0 kb - 4bed3409-10e1-4ad1-ad36-09ab3d12e047 - fifanela:8080/
[03-02-2025 01:02:01] - GET    200 -        0 kb - 4bed3409-10e1-4ad1-ad36-09ab3d12e047 - fifanela:8080/images/logo.png
